Gazebo multi-robot simulator, version 9.6.0
Copyright (C) 2012 Open Source Robotics Foundation.
Released under the Apache 2 License.
http://gazebosim.org


(1583171273 679094211) [Msg] Waiting for master.
(1583171273 683975290) [Msg] Connected to gazebo master @ http://169.254.1.3:11345
(1583171273 684006854) [Msg] Publicized address: 169.254.1.3
(1583171275 312166637) Init world[default]
(1583171275 784670408) applying Gaussian noise model with mean 0, stddev 0.007, bias 0
(1583171275 904424054) applying Gaussian noise model with mean 0, stddev 0.01, bias -0
(1583171275 942744710) [Wrn] [msgs.cc:1852] Conversion of sensor type[depth] not supported.
(1583171276 988271022) [Wrn] [msgs.cc:1852] Conversion of sensor type[depth] not supported.
(1583171276 989783099) [Wrn] [msgs.cc:1852] Conversion of sensor type[depth] not supported.
(1583171295 428435972) [Wrn] [msgs.cc:1852] Conversion of sensor type[depth] not supported.
(1583171295 865956719) [Wrn] [msgs.cc:1852] Conversion of sensor type[depth] not supported.
(1583171333 684433979) [Msg] MetricsPluginNode initialized
(1583171333 684571490) [Msg] Node subscribed to topic ~/world_stats.
(1583171910 667691034) [Wrn] [msgs.cc:1852] Conversion of sensor type[depth] not supported.
(1583171910 669003246) [Wrn] [msgs.cc:1852] Conversion of sensor type[depth] not supported.
(1583173626 680244674) [Wrn] [Publisher.cc:141] Queue limit reached for topic /gazebo/default/pose/local/info, deleting message. This warning is printed only once.
(1583174389 929754543) [Wrn] [Publisher.cc:141] Queue limit reached for topic /gazebo/default/physics/contacts, deleting message. This warning is printed only once.
