[rospy.client][INFO] 2020-03-02 17:47:53,631: init_node, name[/motion], pid[168]
[xmlrpc][INFO] 2020-03-02 17:47:53,631: XML-RPC server binding to 0.0.0.0:0
[xmlrpc][INFO] 2020-03-02 17:47:53,631: Started XML-RPC server [http://169.254.1.3:37501/]
[rospy.init][INFO] 2020-03-02 17:47:53,632: ROS Slave URI: [http://169.254.1.3:37501/]
[rospy.impl.masterslave][INFO] 2020-03-02 17:47:53,632: _ready: http://169.254.1.3:37501/
[xmlrpc][INFO] 2020-03-02 17:47:53,632: xml rpc node: starting XML-RPC server
[rospy.registration][INFO] 2020-03-02 17:47:53,633: Registering with master node http://169.254.1.3:11311/
[rospy.init][INFO] 2020-03-02 17:47:53,732: registered with master
[rospy.rosout][INFO] 2020-03-02 17:47:53,732: initializing /rosout core topic
[rospy.rosout][INFO] 2020-03-02 17:47:53,734: connected to core topic /rosout
[rospy.simtime][INFO] 2020-03-02 17:47:53,735: initializing /clock core topic
[rospy.simtime][INFO] 2020-03-02 17:47:53,738: connected to core topic /clock
[rosout][INFO] 2020-03-02 17:47:53,742: Starting the motion node...
[rosout][INFO] 2020-03-02 17:47:53,743: Motion control started...
[rosout][INFO] 2020-03-02 17:47:53,744: Loading controllers...
[rosout][INFO] 2020-03-02 17:47:53,745: Loading controller corner_lf_wheel_lf_controller
[rosout][INFO] 2020-03-02 17:47:53,747: Loading controller corner_rf_wheel_rf_controller
[rosout][INFO] 2020-03-02 17:47:53,749: Loading controller joint_state_controller
[rosout][INFO] 2020-03-02 17:47:53,752: Loading controller rocker_right_bogie_right_controller
[rosout][INFO] 2020-03-02 17:47:53,755: Loading controller corner_rb_wheel_rb_controller
[rosout][INFO] 2020-03-02 17:47:53,757: Loading controller bogie_right_wheel_rm_controller
[rosout][INFO] 2020-03-02 17:47:53,759: Loading controller rocker_left_corner_lb_controller
[rosout][INFO] 2020-03-02 17:47:53,761: Loading controller bogie_right_corner_rf_controller
[rosout][INFO] 2020-03-02 17:47:53,765: Loading controller corner_lb_wheel_lb_controller
[rosout][INFO] 2020-03-02 17:47:53,769: Loading controller body_rocker_left_controller
[rosout][INFO] 2020-03-02 17:47:53,772: Loading controller bogie_left_wheel_lm_controller
[rosout][INFO] 2020-03-02 17:47:53,773: Loading controller rocker_left_bogie_left_controller
[rosout][INFO] 2020-03-02 17:47:53,776: Loading controller bogie_left_corner_lf_controller
[rosout][INFO] 2020-03-02 17:47:53,778: Loading controller rocker_right_corner_rb_controller
[rosout][INFO] 2020-03-02 17:47:53,780: Loading controller body_rocker_right_controller
[rosout][INFO] 2020-03-02 17:47:53,782: Subscribing to command velocity (cmd_vel)...
[rosout][INFO] 2020-03-02 17:47:53,784: Listening...
[rospy.internal][INFO] 2020-03-02 17:47:53,894: topic[/rosout] adding connection to [/rosout], count 0
[rospy.internal][INFO] 2020-03-02 17:47:54,426: topic[/clock] adding connection to [http://169.254.1.3:33331/], count 0
[rospy.internal][INFO] 2020-03-02 17:47:57,209: topic[/rover_ns/body_rocker_left_controller/command] adding connection to [/gazebo], count 0
[rospy.internal][INFO] 2020-03-02 17:47:57,309: topic[/rover_ns/corner_lf_wheel_lf_controller/command] adding connection to [/gazebo], count 0
[rospy.internal][INFO] 2020-03-02 17:47:57,311: topic[/rover_ns/corner_lb_wheel_lb_controller/command] adding connection to [/gazebo], count 0
[rospy.internal][INFO] 2020-03-02 17:47:57,312: topic[/rover_ns/body_rocker_right_controller/command] adding connection to [/gazebo], count 0
[rospy.internal][INFO] 2020-03-02 17:47:57,312: topic[/rover_ns/bogie_left_wheel_lm_controller/command] adding connection to [/gazebo], count 0
[rospy.internal][INFO] 2020-03-02 17:47:57,414: topic[/rover_ns/corner_rb_wheel_rb_controller/command] adding connection to [/gazebo], count 0
[rospy.internal][INFO] 2020-03-02 17:47:57,414: topic[/rover_ns/bogie_right_wheel_rm_controller/command] adding connection to [/gazebo], count 0
[rospy.internal][INFO] 2020-03-02 17:47:57,415: topic[/rover_ns/corner_rf_wheel_rf_controller/command] adding connection to [/gazebo], count 0
[rospy.internal][INFO] 2020-03-02 17:47:57,605: topic[/rover_ns/bogie_left_corner_lf_controller/command] adding connection to [/gazebo], count 0
[rospy.internal][INFO] 2020-03-02 17:47:57,607: topic[/rover_ns/rocker_right_bogie_right_controller/command] adding connection to [/gazebo], count 0
[rospy.internal][INFO] 2020-03-02 17:47:57,607: topic[/rover_ns/rocker_left_corner_lb_controller/command] adding connection to [/gazebo], count 0
[rospy.internal][INFO] 2020-03-02 17:47:57,607: topic[/rover_ns/rocker_left_bogie_left_controller/command] adding connection to [/gazebo], count 0
[rospy.internal][INFO] 2020-03-02 17:47:57,805: topic[/rover_ns/bogie_right_corner_rf_controller/command] adding connection to [/gazebo], count 0
[rospy.internal][INFO] 2020-03-02 17:47:57,806: topic[/rover_ns/rocker_right_corner_rb_controller/command] adding connection to [/gazebo], count 0
[rospy.internal][INFO] 2020-03-02 17:47:57,842: topic[/cmd_vel] adding connection to [http://169.254.1.3:40315/], count 0
[rospy.core][INFO] 2020-03-02 18:39:49,841: signal_shutdown [signal-2]
[rospy.internal][INFO] 2020-03-02 18:39:49,880: topic[/rover_ns/corner_lb_wheel_lb_controller/command] removing connection to /gazebo
[rospy.internal][INFO] 2020-03-02 18:39:49,880: topic[/rover_ns/rocker_right_bogie_right_controller/command] removing connection to /gazebo
[rospy.internal][INFO] 2020-03-02 18:39:49,880: topic[/rover_ns/bogie_left_corner_lf_controller/command] removing connection to /gazebo
[rospy.internal][INFO] 2020-03-02 18:39:49,881: topic[/rover_ns/corner_rf_wheel_rf_controller/command] removing connection to /gazebo
[rospy.internal][INFO] 2020-03-02 18:39:49,881: topic[/rover_ns/rocker_left_corner_lb_controller/command] removing connection to /gazebo
[rospy.internal][INFO] 2020-03-02 18:39:49,882: topic[/rosout] removing connection to /rosout
[rospy.internal][INFO] 2020-03-02 18:39:49,882: topic[/rover_ns/bogie_right_wheel_rm_controller/command] removing connection to /gazebo
[rospy.internal][INFO] 2020-03-02 18:39:49,882: topic[/rover_ns/bogie_left_wheel_lm_controller/command] removing connection to /gazebo
[rospy.internal][INFO] 2020-03-02 18:39:49,882: topic[/rover_ns/rocker_left_bogie_left_controller/command] removing connection to /gazebo
[rospy.internal][INFO] 2020-03-02 18:39:49,883: topic[/rover_ns/rocker_right_corner_rb_controller/command] removing connection to /gazebo
[rospy.internal][INFO] 2020-03-02 18:39:49,883: topic[/rover_ns/body_rocker_left_controller/command] removing connection to /gazebo
[rospy.internal][INFO] 2020-03-02 18:39:49,883: topic[/rover_ns/corner_lf_wheel_lf_controller/command] removing connection to /gazebo
[rospy.internal][INFO] 2020-03-02 18:39:49,884: topic[/rover_ns/corner_rb_wheel_rb_controller/command] removing connection to /gazebo
[rospy.internal][INFO] 2020-03-02 18:39:49,884: topic[/rover_ns/bogie_right_corner_rf_controller/command] removing connection to /gazebo
[rospy.internal][INFO] 2020-03-02 18:39:49,884: topic[/rover_ns/body_rocker_right_controller/command] removing connection to /gazebo
[rospy.internal][INFO] 2020-03-02 18:39:49,884: topic[/clock] removing connection to http://169.254.1.3:33331/
[rospy.internal][INFO] 2020-03-02 18:39:49,885: topic[/cmd_vel] removing connection to http://169.254.1.3:40315/
[rospy.impl.masterslave][INFO] 2020-03-02 18:39:49,885: signal-2
[rospy.internal][WARNING] 2020-03-02 18:39:49,886: Unknown error initiating TCP/IP socket to 169.254.1.3:38541 (http://169.254.1.3:33331/): Traceback (most recent call last):
  File "/home/robomaker/workspace/applications/simulation-application/dependencies/opt/ros/melodic/lib/python2.7/dist-packages/rospy/impl/tcpros_base.py", line 559, in connect
    self.local_endpoint = self.socket.getsockname()
AttributeError: 'NoneType' object has no attribute 'getsockname'

[rospy.core][INFO] 2020-03-02 18:39:50,502: signal_shutdown [atexit]
