

0.000000000  Node Startup
0.000000000 WARN /robot_state_publisher [/tmp/binarydeb/ros-melodic-kdl-parser-1.13.1/src/kdl_parser.cpp:223(treeFromUrdfModel)] [topics: /rosout] The root link body has an inertia specified in the URDF, but KDL does not support a root link with an inertia.  As a workaround, you can add an extra dummy link to your URDF.
0.000000000 INFO /gazebo_gui [/tmp/binarydeb/ros-melodic-gazebo-ros-2.8.6/src/gazebo_ros_api_plugin.cpp:168(GazeboRosApiPlugin::Load)] [topics: /rosout] Finished loading Gazebo ROS API Plugin.
0.000000000 INFO /gazebo [/tmp/binarydeb/ros-melodic-gazebo-ros-2.8.6/src/gazebo_ros_api_plugin.cpp:168(GazeboRosApiPlugin::Load)] [topics: /rosout] Finished loading Gazebo ROS API Plugin.
0.000000000 INFO /motion [motion:130(<module>)] [topics: /rover_ns/rocker_right_bogie_right_controller/command, /rover_ns/corner_rf_wheel_rf_controller/command, /rover_ns/joint_state_controller/command, /rosout, /rover_ns/bogie_left_wheel_lm_controller/command, /rover_ns/rocker_left_bogie_left_controller/command, /rover_ns/body_rocker_left_controller/command, /rover_ns/corner_lf_wheel_lf_controller/command, /rover_ns/corner_rb_wheel_rb_controller/command, /rover_ns/bogie_right_corner_rf_controller/command, /rover_ns/corner_lb_wheel_lb_controller/command, /rover_ns/bogie_left_corner_lf_controller/command, /rover_ns/rocker_left_corner_lb_controller/command, /clock, /rover_ns/rocker_right_corner_rb_controller/command, /rover_ns/body_rocker_right_controller/command, /rover_ns/bogie_right_wheel_rm_controller/command, /cmd_vel] Listening...
0.000000000 INFO /rover_ns/controller_spawner [spawner:116(main)] [topics: /clock, /rosout] Controller Spawner: Waiting for service controller_manager/load_controller
0.000000000 INFO /urdf_spawner [gazebo_interface.py:31(spawn_urdf_model_client)] [topics: /clock, /rosout] Calling service /gazebo/spawn_urdf_model
0.000000000 INFO /gazebo [/tmp/binarydeb/ros-melodic-roscpp-1.14.3/src/libros/service.cpp:80(service::exists)] [topics: /rosout] waitForService: Service [/gazebo/set_physics_properties] has not been advertised, waiting...
0.018500000 INFO /gazebo [/tmp/binarydeb/ros-melodic-gazebo-plugins-2.8.6/include/gazebo_plugins/gazebo_ros_utils.h:99(__cxx11::string gazebo::GetRobotNamespace)] [topics: /rosout, /clock, /gazebo/link_states, /gazebo/model_states, /robot_bumper] Camera Plugin: Using the 'robotNamespace' param: '/'
0.018500000 INFO /gazebo [/tmp/binarydeb/ros-melodic-gazebo-plugins-2.8.6/src/gazebo_ros_camera_utils.cpp:305(GazeboRosCameraUtils::LoadThread)] [topics: /rosout, /clock, /gazebo/link_states, /gazebo/model_states, /robot_bumper] Camera Plugin (ns = /)  <tf_prefix_>, set to ""
0.018500000 INFO /gazebo [/tmp/binarydeb/ros-melodic-gazebo-plugins-2.8.6/include/gazebo_plugins/gazebo_ros_utils.h:99(__cxx11::string gazebo::GetRobotNamespace)] [topics: /rosout, /clock, /gazebo/link_states, /gazebo/model_states, /robot_bumper, /camera/parameter_descriptions, /camera/parameter_updates] Camera Plugin: Using the 'robotNamespace' param: '/'
0.018500000 INFO /gazebo [/tmp/binarydeb/ros-melodic-gazebo-plugins-2.8.6/src/gazebo_ros_camera_utils.cpp:305(GazeboRosCameraUtils::LoadThread)] [topics: /rosout, /clock, /gazebo/link_states, /gazebo/model_states, /robot_bumper, /camera/parameter_descriptions, /camera/parameter_updates] Camera Plugin (ns = /)  <tf_prefix_>, set to ""
0.018500000 INFO /gazebo [/tmp/binarydeb/ros-melodic-gazebo-plugins-2.8.6/include/gazebo_plugins/gazebo_ros_utils.h:99(__cxx11::string gazebo::GetRobotNamespace)] [topics: /rosout, /clock, /gazebo/link_states, /gazebo/model_states, /robot_bumper, /camera/parameter_descriptions, /camera/parameter_updates, /depthcamera/parameter_descriptions, /depthcamera/parameter_updates, /camera/image_raw, /camera/camera_info, /depthcamera/depth/image_raw, /depthcamera/depth/camera_info, /depthcamera/depth/points] Laser Plugin: Using the 'robotNamespace' param: '/'
0.018500000 INFO /gazebo [/tmp/binarydeb/ros-melodic-gazebo-plugins-2.8.6/src/gazebo_ros_laser.cpp:111(GazeboRosLaser::Load)] [topics: /rosout, /clock, /gazebo/link_states, /gazebo/model_states, /robot_bumper, /camera/parameter_descriptions, /camera/parameter_updates, /depthcamera/parameter_descriptions, /depthcamera/parameter_updates, /camera/image_raw, /camera/camera_info, /depthcamera/depth/image_raw, /depthcamera/depth/camera_info, /depthcamera/depth/points] Starting Laser Plugin (ns = /)
0.018500000 INFO /gazebo [/tmp/binarydeb/ros-melodic-gazebo-plugins-2.8.6/src/gazebo_ros_laser.cpp:135(GazeboRosLaser::LoadThread)] [topics: /rosout, /clock, /gazebo/link_states, /gazebo/model_states, /robot_bumper, /camera/parameter_descriptions, /camera/parameter_updates, /depthcamera/parameter_descriptions, /depthcamera/parameter_updates, /camera/image_raw, /camera/camera_info, /depthcamera/depth/image_raw, /depthcamera/depth/camera_info, /depthcamera/depth/points] Laser Plugin (ns = /)  <tf_prefix_>, set to ""
0.018500000 INFO /urdf_spawner [gazebo_interface.py:33(spawn_urdf_model_client)] [topics: /clock, /rosout] Spawn status: SpawnModel: Successfully spawned entity
0.018500000 INFO /gazebo [/tmp/binarydeb/ros-melodic-gazebo-ros-control-2.8.6/src/gazebo_ros_control_plugin.cpp:62(GazeboRosControlPlugin::Load)] [topics: /rosout, /clock, /gazebo/link_states, /gazebo/model_states, /robot_bumper, /camera/parameter_descriptions, /camera/parameter_updates, /depthcamera/parameter_descriptions, /depthcamera/parameter_updates, /camera/image_raw, /camera/camera_info, /depthcamera/depth/image_raw, /depthcamera/depth/camera_info, /depthcamera/depth/points, /scan] Loading gazebo_ros_control plugin
0.018500000 INFO /gazebo [/tmp/binarydeb/ros-melodic-gazebo-ros-control-2.8.6/src/gazebo_ros_control_plugin.cpp:161(GazeboRosControlPlugin::Load)] [topics: /rosout, /clock, /gazebo/link_states, /gazebo/model_states, /robot_bumper, /camera/parameter_descriptions, /camera/parameter_updates, /depthcamera/parameter_descriptions, /depthcamera/parameter_updates, /camera/image_raw, /camera/camera_info, /depthcamera/depth/image_raw, /depthcamera/depth/camera_info, /depthcamera/depth/points, /scan] Starting gazebo_ros_control plugin in namespace: rover_ns
0.018500000 INFO /gazebo [/tmp/binarydeb/ros-melodic-gazebo-ros-control-2.8.6/src/gazebo_ros_control_plugin.cpp:280(__cxx11::string gazebo_ros_control::GazeboRosControlPlugin::getURDF)] [topics: /rosout, /clock, /gazebo/link_states, /gazebo/model_states, /robot_bumper, /camera/parameter_descriptions, /camera/parameter_updates, /depthcamera/parameter_descriptions, /depthcamera/parameter_updates, /camera/image_raw, /camera/camera_info, /depthcamera/depth/image_raw, /depthcamera/depth/camera_info, /depthcamera/depth/points, /scan] gazebo_ros_control plugin is waiting for model URDF in parameter [/robot_description] on the ROS param server.
0.018500000 INFO /gazebo [/tmp/binarydeb/ros-melodic-gazebo-ros-control-2.8.6/src/gazebo_ros_control_plugin.cpp:207(GazeboRosControlPlugin::Load)] [topics: /rosout, /clock, /gazebo/link_states, /gazebo/model_states, /robot_bumper, /camera/parameter_descriptions, /camera/parameter_updates, /depthcamera/parameter_descriptions, /depthcamera/parameter_updates, /camera/image_raw, /camera/camera_info, /depthcamera/depth/image_raw, /depthcamera/depth/camera_info, /depthcamera/depth/points, /scan] Loaded gazebo_ros_control.
0.037000000 ERROR /gazebo [/tmp/binarydeb/ros-melodic-roscpp-1.14.3/src/libros/service_manager.cpp:137(ServiceManager::advertiseService)] [topics: /rosout, /clock, /gazebo/link_states, /gazebo/model_states, /robot_bumper, /camera/parameter_descriptions, /camera/parameter_updates, /depthcamera/parameter_descriptions, /depthcamera/parameter_updates, /camera/image_raw, /camera/camera_info, /depthcamera/depth/image_raw, /depthcamera/depth/camera_info, /depthcamera/depth/points, /scan, /odom, /imu, /imu/wheel_lb, /imu/wheel_rb, /imu/wheel_lf, /imu/wheel_lm, /imu/wheel_rf, /imu/wheel_rm] Tried to advertise a service that is already advertised in this node [/imu_service]
0.037000000 ERROR /gazebo [/tmp/binarydeb/ros-melodic-roscpp-1.14.3/src/libros/service_manager.cpp:137(ServiceManager::advertiseService)] [topics: /rosout, /clock, /gazebo/link_states, /gazebo/model_states, /robot_bumper, /camera/parameter_descriptions, /camera/parameter_updates, /depthcamera/parameter_descriptions, /depthcamera/parameter_updates, /camera/image_raw, /camera/camera_info, /depthcamera/depth/image_raw, /depthcamera/depth/camera_info, /depthcamera/depth/points, /scan, /odom, /imu, /imu/wheel_lb, /imu/wheel_rb, /imu/wheel_lf, /imu/wheel_lm, /imu/wheel_rf, /imu/wheel_rm] Tried to advertise a service that is already advertised in this node [/imu_service]
0.037000000 ERROR /gazebo [/tmp/binarydeb/ros-melodic-roscpp-1.14.3/src/libros/service_manager.cpp:137(ServiceManager::advertiseService)] [topics: /rosout, /clock, /gazebo/link_states, /gazebo/model_states, /robot_bumper, /camera/parameter_descriptions, /camera/parameter_updates, /depthcamera/parameter_descriptions, /depthcamera/parameter_updates, /camera/image_raw, /camera/camera_info, /depthcamera/depth/image_raw, /depthcamera/depth/camera_info, /depthcamera/depth/points, /scan, /odom, /imu, /imu/wheel_lb, /imu/wheel_rb, /imu/wheel_lf, /imu/wheel_lm, /imu/wheel_rf, /imu/wheel_rm] Tried to advertise a service that is already advertised in this node [/imu_service]
0.037000000 ERROR /gazebo [/tmp/binarydeb/ros-melodic-roscpp-1.14.3/src/libros/service_manager.cpp:137(ServiceManager::advertiseService)] [topics: /rosout, /clock, /gazebo/link_states, /gazebo/model_states, /robot_bumper, /camera/parameter_descriptions, /camera/parameter_updates, /depthcamera/parameter_descriptions, /depthcamera/parameter_updates, /camera/image_raw, /camera/camera_info, /depthcamera/depth/image_raw, /depthcamera/depth/camera_info, /depthcamera/depth/points, /scan, /odom, /imu, /imu/wheel_lb, /imu/wheel_rb, /imu/wheel_lf, /imu/wheel_lm, /imu/wheel_rf, /imu/wheel_rm] Tried to advertise a service that is already advertised in this node [/imu_service]
0.037000000 ERROR /gazebo [/tmp/binarydeb/ros-melodic-roscpp-1.14.3/src/libros/service_manager.cpp:137(ServiceManager::advertiseService)] [topics: /rosout, /clock, /gazebo/link_states, /gazebo/model_states, /robot_bumper, /camera/parameter_descriptions, /camera/parameter_updates, /depthcamera/parameter_descriptions, /depthcamera/parameter_updates, /camera/image_raw, /camera/camera_info, /depthcamera/depth/image_raw, /depthcamera/depth/camera_info, /depthcamera/depth/points, /scan, /odom, /imu, /imu/wheel_lb, /imu/wheel_rb, /imu/wheel_lf, /imu/wheel_lm, /imu/wheel_rf, /imu/wheel_rm] Tried to advertise a service that is already advertised in this node [/imu_service]
0.037000000 ERROR /gazebo [/tmp/binarydeb/ros-melodic-roscpp-1.14.3/src/libros/service_manager.cpp:137(ServiceManager::advertiseService)] [topics: /rosout, /clock, /gazebo/link_states, /gazebo/model_states, /robot_bumper, /camera/parameter_descriptions, /camera/parameter_updates, /depthcamera/parameter_descriptions, /depthcamera/parameter_updates, /camera/image_raw, /camera/camera_info, /depthcamera/depth/image_raw, /depthcamera/depth/camera_info, /depthcamera/depth/points, /scan, /odom, /imu, /imu/wheel_lb, /imu/wheel_rb, /imu/wheel_lf, /imu/wheel_lm, /imu/wheel_rf, /imu/wheel_rm] Tried to advertise a service that is already advertised in this node [/imu_service]
0.055500000 INFO /gazebo [/tmp/binarydeb/ros-melodic-roscpp-1.14.3/src/libros/service.cpp:122(service::waitForService)] [topics: /rosout, /clock, /gazebo/link_states, /gazebo/model_states, /robot_bumper, /camera/parameter_descriptions, /camera/parameter_updates, /depthcamera/parameter_descriptions, /depthcamera/parameter_updates, /camera/image_raw, /camera/camera_info, /depthcamera/depth/image_raw, /depthcamera/depth/camera_info, /depthcamera/depth/points, /scan, /odom, /imu, /imu/wheel_lb, /imu/wheel_rb, /imu/wheel_lf, /imu/wheel_lm, /imu/wheel_rf, /imu/wheel_rm] waitForService: Service [/gazebo/set_physics_properties] is now available.
0.055500000 INFO /gazebo [/tmp/binarydeb/ros-melodic-gazebo-ros-2.8.6/src/gazebo_ros_api_plugin.cpp:2334(GazeboRosApiPlugin::physicsReconfigureThread)] [topics: /rosout, /clock, /gazebo/link_states, /gazebo/model_states, /robot_bumper, /camera/parameter_descriptions, /camera/parameter_updates, /depthcamera/parameter_descriptions, /depthcamera/parameter_updates, /camera/image_raw, /camera/camera_info, /depthcamera/depth/image_raw, /depthcamera/depth/camera_info, /depthcamera/depth/points, /scan, /odom, /imu, /imu/wheel_lb, /imu/wheel_rb, /imu/wheel_lf, /imu/wheel_lm, /imu/wheel_rf, /imu/wheel_rm, /gazebo/parameter_descriptions, /gazebo/parameter_updates] Physics dynamic reconfigure ready.
0.222000000 INFO /rover_ns/controller_spawner [spawner:121(main)] [topics: /clock, /rosout] Controller Spawner: Waiting for service controller_manager/switch_controller
0.222000000 INFO /rover_ns/controller_spawner [spawner:129(main)] [topics: /clock, /rosout] Controller Spawner: Waiting for service controller_manager/unload_controller
0.240500000 INFO /rover_ns/controller_spawner [spawner:184(main)] [topics: /clock, /rosout] Loading controller: body_rocker_left_controller
0.259000000 INFO /rover_ns/controller_spawner [spawner:184(main)] [topics: /clock, /rosout] Loading controller: body_rocker_right_controller
0.277500000 INFO /rover_ns/controller_spawner [spawner:184(main)] [topics: /clock, /rosout] Loading controller: corner_lf_wheel_lf_controller
0.296000000 INFO /rover_ns/controller_spawner [spawner:184(main)] [topics: /clock, /rosout] Loading controller: bogie_left_wheel_lm_controller
0.314500000 INFO /rover_ns/controller_spawner [spawner:184(main)] [topics: /clock, /rosout] Loading controller: corner_lb_wheel_lb_controller
0.333000000 INFO /rover_ns/controller_spawner [spawner:184(main)] [topics: /clock, /rosout] Loading controller: corner_rb_wheel_rb_controller
0.351500000 INFO /rover_ns/controller_spawner [spawner:184(main)] [topics: /clock, /rosout] Loading controller: bogie_right_wheel_rm_controller
0.370000000 INFO /rover_ns/controller_spawner [spawner:184(main)] [topics: /clock, /rosout] Loading controller: corner_rf_wheel_rf_controller
0.388500000 INFO /rover_ns/controller_spawner [spawner:184(main)] [topics: /clock, /rosout] Loading controller: rocker_left_bogie_left_controller
0.407000000 INFO /rover_ns/controller_spawner [spawner:184(main)] [topics: /clock, /rosout] Loading controller: rocker_right_bogie_right_controller
0.425500000 INFO /rover_ns/controller_spawner [spawner:184(main)] [topics: /clock, /rosout] Loading controller: bogie_left_corner_lf_controller
0.444000000 INFO /rover_ns/controller_spawner [spawner:184(main)] [topics: /clock, /rosout] Loading controller: rocker_left_corner_lb_controller
0.462500000 INFO /rover_ns/controller_spawner [spawner:184(main)] [topics: /clock, /rosout] Loading controller: rocker_right_corner_rb_controller
0.481000000 INFO /rover_ns/controller_spawner [spawner:184(main)] [topics: /clock, /rosout] Loading controller: bogie_right_corner_rf_controller
0.499500000 INFO /rover_ns/controller_spawner [spawner:184(main)] [topics: /clock, /rosout] Loading controller: joint_state_controller
0.518000000 INFO /rover_ns/controller_spawner [spawner:192(main)] [topics: /clock, /rosout] Controller Spawner: Loaded controllers: body_rocker_left_controller, body_rocker_right_controller, corner_lf_wheel_lf_controller, bogie_left_wheel_lm_controller, corner_lb_wheel_lb_controller, corner_rb_wheel_rb_controller, bogie_right_wheel_rm_controller, corner_rf_wheel_rf_controller, rocker_left_bogie_left_controller, rocker_right_bogie_right_controller, bogie_left_corner_lf_controller, rocker_left_corner_lb_controller, rocker_right_corner_rb_controller, bogie_right_corner_rf_controller, joint_state_controller
0.536500000 INFO /rover_ns/controller_spawner [spawner:201(main)] [topics: /clock, /rosout] Started controllers: body_rocker_left_controller, body_rocker_right_controller, corner_lf_wheel_lf_controller, bogie_left_wheel_lm_controller, corner_lb_wheel_lb_controller, corner_rb_wheel_rb_controller, bogie_right_wheel_rm_controller, corner_rf_wheel_rf_controller, rocker_left_bogie_left_controller, rocker_right_bogie_right_controller, bogie_left_corner_lf_controller, rocker_left_corner_lb_controller, rocker_right_corner_rb_controller, bogie_right_corner_rf_controller, joint_state_controller
0.000000000 INFO /rviz_1583171309241147315 [/tmp/binarydeb/ros-melodic-rviz-1.13.7/src/rviz/ogre_helpers/render_system.cpp:233(RenderSystem::detectGlVersion)] [topics: /rosout] OpenGl version: 3.1 (GLSL 1.4).
14159.308000000 INFO /rover_ns/controller_spawner [spawner:55(shutdown)] [topics: /clock, /rosout] Shutting down spawner. Stopping and unloading controllers...
14159.308000000 INFO /rover_ns/controller_spawner [spawner:64(shutdown)] [topics: /clock, /rosout] Stopping all controllers...
14159.511500000 INFO /rover_ns/controller_spawner [spawner:66(shutdown)] [topics: /clock, /rosout] Unloading all loaded controllers...
14159.511500000 INFO /rover_ns/controller_spawner [spawner:68(shutdown)] [topics: /clock, /rosout] Trying to unload joint_state_controller
14159.696500000 INFO /rover_ns/controller_spawner [spawner:70(shutdown)] [topics: /clock, /rosout] Succeeded in unloading joint_state_controller
14159.715000000 INFO /rover_ns/controller_spawner [spawner:68(shutdown)] [topics: /clock, /rosout] Trying to unload bogie_right_corner_rf_controller
14159.918500000 INFO /rover_ns/controller_spawner [spawner:70(shutdown)] [topics: /clock, /rosout] Succeeded in unloading bogie_right_corner_rf_controller
14159.937000000 INFO /rover_ns/controller_spawner [spawner:68(shutdown)] [topics: /clock, /rosout] Trying to unload rocker_right_corner_rb_controller
14160.140500000 INFO /rover_ns/controller_spawner [spawner:70(shutdown)] [topics: /clock, /rosout] Succeeded in unloading rocker_right_corner_rb_controller
14160.159000000 INFO /rover_ns/controller_spawner [spawner:68(shutdown)] [topics: /clock, /rosout] Trying to unload rocker_left_corner_lb_controller
14160.399500000 INFO /rover_ns/controller_spawner [spawner:70(shutdown)] [topics: /clock, /rosout] Succeeded in unloading rocker_left_corner_lb_controller
14160.418000000 INFO /rover_ns/controller_spawner [spawner:68(shutdown)] [topics: /clock, /rosout] Trying to unload bogie_left_corner_lf_controller
14160.603000000 INFO /rover_ns/controller_spawner [spawner:70(shutdown)] [topics: /clock, /rosout] Succeeded in unloading bogie_left_corner_lf_controller
14160.621500000 INFO /rover_ns/controller_spawner [spawner:68(shutdown)] [topics: /clock, /rosout] Trying to unload rocker_right_bogie_right_controller
14160.788000000 INFO /rover_ns/controller_spawner [spawner:70(shutdown)] [topics: /clock, /rosout] Succeeded in unloading rocker_right_bogie_right_controller
14160.806500000 INFO /rover_ns/controller_spawner [spawner:68(shutdown)] [topics: /clock, /rosout] Trying to unload rocker_left_bogie_left_controller
14160.973000000 INFO /rover_ns/controller_spawner [spawner:70(shutdown)] [topics: /clock, /rosout] Succeeded in unloading rocker_left_bogie_left_controller
14160.991500000 INFO /rover_ns/controller_spawner [spawner:68(shutdown)] [topics: /clock, /rosout] Trying to unload corner_rf_wheel_rf_controller
14161.139500000 INFO /rover_ns/controller_spawner [spawner:70(shutdown)] [topics: /clock, /rosout] Succeeded in unloading corner_rf_wheel_rf_controller
14161.158000000 INFO /rover_ns/controller_spawner [spawner:68(shutdown)] [topics: /clock, /rosout] Trying to unload bogie_right_wheel_rm_controller
14161.232000000 INFO /rover_ns/controller_spawner [spawner:70(shutdown)] [topics: /clock, /rosout] Succeeded in unloading bogie_right_wheel_rm_controller
14161.250500000 INFO /rover_ns/controller_spawner [spawner:68(shutdown)] [topics: /clock, /rosout] Trying to unload corner_rb_wheel_rb_controller
14161.343000000 INFO /rover_ns/controller_spawner [spawner:70(shutdown)] [topics: /clock, /rosout] Succeeded in unloading corner_rb_wheel_rb_controller
14161.361500000 INFO /rover_ns/controller_spawner [spawner:68(shutdown)] [topics: /clock, /rosout] Trying to unload corner_lb_wheel_lb_controller
14161.472500000 INFO /rover_ns/controller_spawner [spawner:70(shutdown)] [topics: /clock, /rosout] Succeeded in unloading corner_lb_wheel_lb_controller
14161.491000000 INFO /rover_ns/controller_spawner [spawner:68(shutdown)] [topics: /clock, /rosout] Trying to unload bogie_left_wheel_lm_controller
14161.602000000 INFO /rover_ns/controller_spawner [spawner:70(shutdown)] [topics: /clock, /rosout] Succeeded in unloading bogie_left_wheel_lm_controller
14161.602000000 INFO /rover_ns/controller_spawner [spawner:68(shutdown)] [topics: /clock, /rosout] Trying to unload corner_lf_wheel_lf_controller
14161.787000000 INFO /rover_ns/controller_spawner [spawner:70(shutdown)] [topics: /clock, /rosout] Succeeded in unloading corner_lf_wheel_lf_controller
14161.787000000 INFO /rover_ns/controller_spawner [spawner:68(shutdown)] [topics: /clock, /rosout] Trying to unload body_rocker_right_controller
